<?xml version="1.0" ?>
<!DOCTYPE coverage SYSTEM "http://cobertura.sourceforge.net/xml/coverage-04.dtd">
<coverage lines-valid="51" lines-covered="10" line-rate="0.1961" branches-valid="13" branches-covered="0" branch-rate="0" timestamp="1581517904434" complexity="0" version="0.1">
  <sources>
    <source>C:\Users\Aalde\Documents\pbiviz-example</source>
  </sources>
  <packages>
    <class name="settings.ts" filename="src\settings.ts" line-rate="0.25" branch-rate="1">
      <methods>
        <method name="(anonymous_0)" hits="0" signature="()V">
          <lines>
            <line number="6" hits="0"/>
          </lines>
        </method>
        <method name="(anonymous_1)" hits="0" signature="()V">
          <lines>
            <line number="10" hits="0"/>
          </lines>
        </method>
      </methods>
      <lines>
        <line number="4" hits="1" branch="false"/>
        <line number="7" hits="0" branch="false"/>
        <line number="11" hits="0" branch="false"/>
        <line number="12" hits="0" branch="false"/>
      </lines>
    </class>
    <class name="visual.ts" filename="src\visual.ts" line-rate="0.19149999999999998" branch-rate="0">
      <methods>
        <method name="(anonymous_0)" hits="1" signature="()V">
          <lines>
            <line number="48" hits="1"/>
          </lines>
        </method>
        <method name="(anonymous_1)" hits="0" signature="()V">
          <lines>
            <line number="82" hits="0"/>
          </lines>
        </method>
        <method name="(anonymous_2)" hits="0" signature="()V">
          <lines>
            <line number="119" hits="0"/>
          </lines>
        </method>
        <method name="(anonymous_3)" hits="0" signature="()V">
          <lines>
            <line number="142" hits="0"/>
          </lines>
        </method>
        <method name="(anonymous_4)" hits="0" signature="()V">
          <lines>
            <line number="144" hits="0"/>
          </lines>
        </method>
        <method name="(anonymous_5)" hits="0" signature="()V">
          <lines>
            <line number="148" hits="0"/>
          </lines>
        </method>
        <method name="(anonymous_6)" hits="0" signature="()V">
          <lines>
            <line number="150" hits="0"/>
          </lines>
        </method>
        <method name="(anonymous_7)" hits="0" signature="()V">
          <lines>
            <line number="151" hits="0"/>
          </lines>
        </method>
        <method name="(anonymous_8)" hits="0" signature="()V">
          <lines>
            <line number="163" hits="0"/>
          </lines>
        </method>
        <method name="(anonymous_9)" hits="0" signature="()V">
          <lines>
            <line number="188" hits="0"/>
          </lines>
        </method>
        <method name="(anonymous_10)" hits="0" signature="()V">
          <lines>
            <line number="192" hits="0"/>
          </lines>
        </method>
      </methods>
      <lines>
        <line number="44" hits="1" branch="false"/>
        <line number="49" hits="1" branch="false"/>
        <line number="50" hits="1" branch="false"/>
        <line number="53" hits="1" branch="false"/>
        <line number="58" hits="1" branch="false"/>
        <line number="62" hits="1" branch="false"/>
        <line number="66" hits="1" branch="false"/>
        <line number="71" hits="1" branch="false"/>
        <line number="76" hits="1" branch="false"/>
        <line number="84" hits="0" branch="false"/>
        <line number="85" hits="0" branch="false"/>
        <line number="88" hits="0" branch="false"/>
        <line number="89" hits="0" branch="false"/>
        <line number="90" hits="0" branch="false"/>
        <line number="91" hits="0" branch="false"/>
        <line number="94" hits="0" branch="false"/>
        <line number="98" hits="0" branch="false"/>
        <line number="101" hits="0" branch="false"/>
        <line number="105" hits="0" branch="false"/>
        <line number="109" hits="0" branch="false"/>
        <line number="114" hits="0" branch="false"/>
        <line number="118" hits="0" branch="false"/>
        <line number="119" hits="0" branch="false"/>
        <line number="124" hits="0" branch="false"/>
        <line number="128" hits="0" branch="false"/>
        <line number="133" hits="0" branch="false"/>
        <line number="139" hits="0" branch="false"/>
        <line number="142" hits="0" branch="false"/>
        <line number="144" hits="0" branch="false"/>
        <line number="148" hits="0" branch="false"/>
        <line number="149" hits="0" branch="false"/>
        <line number="151" hits="0" branch="false"/>
        <line number="152" hits="0" branch="false"/>
        <line number="159" hits="0" branch="false"/>
        <line number="164" hits="0" branch="false"/>
        <line number="165" hits="0" branch="false"/>
        <line number="170" hits="0" branch="true" condition-coverage="0% (0/7)"/>
        <line number="171" hits="0" branch="false"/>
        <line number="174" hits="0" branch="false"/>
        <line number="175" hits="0" branch="false"/>
        <line number="176" hits="0" branch="false"/>
        <line number="178" hits="0" branch="false"/>
        <line number="179" hits="0" branch="false"/>
        <line number="188" hits="0" branch="false"/>
        <line number="189" hits="0" branch="false"/>
        <line number="193" hits="0" branch="true" condition-coverage="0% (0/2)"/>
        <line number="194" hits="0" branch="false"/>
      </lines>
    </class>
  </packages>
</coverage>
