TN:
SF:C:\Users\Aalde\Documents\pbiviz-example\src\settings.ts
FN:6,(anonymous_0)
FN:10,(anonymous_1)
FNF:2
FNH:0
FNDA:0,(anonymous_0)
FNDA:0,(anonymous_1)
DA:4,1
DA:7,0
DA:11,0
DA:12,0
LF:4
LH:1
BRF:0
BRH:0
end_of_record
TN:
SF:C:\Users\Aalde\Documents\pbiviz-example\src\visual.ts
FN:34,(anonymous_0)
FN:48,(anonymous_1)
FN:90,(anonymous_2)
FNF:3
FNH:1
FNDA:1,(anonymous_0)
FNDA:0,(anonymous_1)
FNDA:0,(anonymous_2)
DA:35,1
DA:38,1
DA:40,1
DA:42,1
DA:44,1
DA:49,0
DA:50,0
DA:51,0
DA:53,0
DA:54,0
DA:56,0
DA:57,0
DA:58,0
DA:60,0
DA:61,0
DA:62,0
DA:64,0
DA:73,0
DA:81,0
DA:91,0
DA:92,0
LF:21
LH:5
BRDA:91,0,0,0
BRDA:91,0,1,0
BRF:2
BRH:0
end_of_record
