TN:
SF:C:\Users\Aalde\Documents\pbiviz-example\src\settings.ts
FN:6,(anonymous_0)
FN:10,(anonymous_1)
FNF:2
FNH:0
FNDA:0,(anonymous_0)
FNDA:0,(anonymous_1)
DA:4,1
DA:7,0
DA:11,0
DA:12,0
LF:4
LH:1
BRF:0
BRH:0
end_of_record
TN:
SF:C:\Users\Aalde\Documents\pbiviz-example\src\visual.ts
FN:48,(anonymous_0)
FN:82,(anonymous_1)
FN:119,(anonymous_2)
FN:142,(anonymous_3)
FN:144,(anonymous_4)
FN:148,(anonymous_5)
FN:150,(anonymous_6)
FN:151,(anonymous_7)
FN:163,(anonymous_8)
FN:188,(anonymous_9)
FN:192,(anonymous_10)
FNF:11
FNH:1
FNDA:1,(anonymous_0)
FNDA:0,(anonymous_1)
FNDA:0,(anonymous_2)
FNDA:0,(anonymous_3)
FNDA:0,(anonymous_4)
FNDA:0,(anonymous_5)
FNDA:0,(anonymous_6)
FNDA:0,(anonymous_7)
FNDA:0,(anonymous_8)
FNDA:0,(anonymous_9)
FNDA:0,(anonymous_10)
DA:44,1
DA:49,1
DA:50,1
DA:53,1
DA:58,1
DA:62,1
DA:66,1
DA:71,1
DA:76,1
DA:84,0
DA:85,0
DA:88,0
DA:89,0
DA:90,0
DA:91,0
DA:94,0
DA:98,0
DA:101,0
DA:105,0
DA:109,0
DA:114,0
DA:118,0
DA:119,0
DA:124,0
DA:128,0
DA:133,0
DA:139,0
DA:142,0
DA:144,0
DA:148,0
DA:149,0
DA:151,0
DA:152,0
DA:159,0
DA:164,0
DA:165,0
DA:170,0
DA:171,0
DA:174,0
DA:175,0
DA:176,0
DA:178,0
DA:179,0
DA:188,0
DA:189,0
DA:193,0
DA:194,0
LF:47
LH:9
BRDA:153,0,0,0
BRDA:153,0,1,0
BRDA:153,1,0,0
BRDA:153,1,1,0
BRDA:170,2,0,0
BRDA:170,2,1,0
BRDA:170,3,0,0
BRDA:170,3,1,0
BRDA:170,3,2,0
BRDA:170,3,3,0
BRDA:170,3,4,0
BRDA:193,4,0,0
BRDA:193,4,1,0
BRF:13
BRH:0
end_of_record
